<?xml version="1.0" encoding="UTF-8"?>
<testsuite name="Realizar una busqueda de alojamiento sin atutenticarse en Booking.com" tests="2" skipped="0" failures="2" errors="0" timestamp="2022-08-19T01:28:33" hostname="LAPTOP-TMQ7CEEC" time="40.055">
  <properties/>
  <testcase name="Realizar reserva de alojamiento desde pagina de inicio sin niños" classname="Realizar una busqueda de alojamiento sin atutenticarse en Booking.com" time="21.855">
    <failure message="java.lang.AssertionError: &#10;Expected: an element that is visible&#10;     but: no matching element found by css: //td[contains(@data-date,[{0}])]" type="java.lang.AssertionError">java.lang.AssertionError: 
Expected: an element that is visible
     but: no matching element found by css: //td[contains(@data-date,[{0}])]
	at net.serenitybdd.screenplay.ErrorTally.throwSummaryExceptionFrom(ErrorTally.java:36)
	at net.serenitybdd.screenplay.ErrorTally.reportAnyErrors(ErrorTally.java:30)
	at net.serenitybdd.screenplay.Actor.should(Actor.java:300)
	at net.serenitybdd.screenplay.waits.WaitUntilBuilder$1.performAs(WaitUntilBuilder.java:29)
	at net.serenitybdd.screenplay.Actor.performTask(Actor.java:232)
	at net.serenitybdd.screenplay.Actor.perform(Actor.java:213)
	at net.serenitybdd.screenplay.Actor.performSilently(Actor.java:193)
	at net.serenitybdd.screenplay.Actor.attemptsTo(Actor.java:166)
	at co.com.certification.proyectoprueba.taks.alojamiento.ReservarAlojamiento.performAs(ReservarAlojamiento.java:19)
	at co.com.certification.proyectoprueba.taks.alojamiento.ReservarAlojamiento$$EnhancerByCGLIB$$10ec9ff2.CGLIB$performAs$0(&lt;generated&gt;)
	at co.com.certification.proyectoprueba.taks.alojamiento.ReservarAlojamiento$$EnhancerByCGLIB$$10ec9ff2$$FastClassByCGLIB$$949e55f2.invoke(&lt;generated&gt;)
	at net.sf.cglib.proxy.MethodProxy.invokeSuper(MethodProxy.java:228)
	at net.thucydides.core.steps.StepInterceptor.invokeMethod(StepInterceptor.java:478)
	at net.thucydides.core.steps.StepInterceptor.executeTestStepMethod(StepInterceptor.java:463)
	at net.thucydides.core.steps.StepInterceptor.runTestStep(StepInterceptor.java:438)
	at net.thucydides.core.steps.StepInterceptor.runOrSkipMethod(StepInterceptor.java:179)
	at net.thucydides.core.steps.StepInterceptor.testStepResult(StepInterceptor.java:166)
	at net.thucydides.core.steps.StepInterceptor.intercept(StepInterceptor.java:72)
	at co.com.certification.proyectoprueba.taks.alojamiento.ReservarAlojamiento$$EnhancerByCGLIB$$10ec9ff2.performAs(&lt;generated&gt;)
	at net.serenitybdd.screenplay.Actor.performTask(Actor.java:232)
	at net.serenitybdd.screenplay.Actor.perform(Actor.java:213)
	at net.serenitybdd.screenplay.Actor.attemptsTo(Actor.java:170)
	at co.com.certification.proyectoprueba.stepdefinitions.AlojamientoStepDefinition.elUsuarioIngresaElDestinoFechaYPersonasAViajar(AlojamientoStepDefinition.java:17)
	at ✽.el usuario ingresa el destino, fecha y personas a viajar(src/test/resources/features/alojamiento.feature:12)
</failure>
  </testcase>
  <testcase name="Realizar reserva de alojamiento desde pagina de inicio sin niños" classname="Realizar una busqueda de alojamiento sin atutenticarse en Booking.com" time="18.196">
    <failure message="java.lang.AssertionError: &#10;Expected: an element that is visible&#10;     but: no matching element found by css: //td[contains(@data-date,[{0}])]" type="java.lang.AssertionError">java.lang.AssertionError: 
Expected: an element that is visible
     but: no matching element found by css: //td[contains(@data-date,[{0}])]
	at net.serenitybdd.screenplay.ErrorTally.throwSummaryExceptionFrom(ErrorTally.java:36)
	at net.serenitybdd.screenplay.ErrorTally.reportAnyErrors(ErrorTally.java:30)
	at net.serenitybdd.screenplay.Actor.should(Actor.java:300)
	at net.serenitybdd.screenplay.waits.WaitUntilBuilder$1.performAs(WaitUntilBuilder.java:29)
	at net.serenitybdd.screenplay.Actor.performTask(Actor.java:232)
	at net.serenitybdd.screenplay.Actor.perform(Actor.java:213)
	at net.serenitybdd.screenplay.Actor.performSilently(Actor.java:193)
	at net.serenitybdd.screenplay.Actor.attemptsTo(Actor.java:166)
	at co.com.certification.proyectoprueba.taks.alojamiento.ReservarAlojamiento.performAs(ReservarAlojamiento.java:19)
	at co.com.certification.proyectoprueba.taks.alojamiento.ReservarAlojamiento$$EnhancerByCGLIB$$10ec9ff2.CGLIB$performAs$0(&lt;generated&gt;)
	at co.com.certification.proyectoprueba.taks.alojamiento.ReservarAlojamiento$$EnhancerByCGLIB$$10ec9ff2$$FastClassByCGLIB$$949e55f2.invoke(&lt;generated&gt;)
	at net.sf.cglib.proxy.MethodProxy.invokeSuper(MethodProxy.java:228)
	at net.thucydides.core.steps.StepInterceptor.invokeMethod(StepInterceptor.java:478)
	at net.thucydides.core.steps.StepInterceptor.executeTestStepMethod(StepInterceptor.java:463)
	at net.thucydides.core.steps.StepInterceptor.runTestStep(StepInterceptor.java:438)
	at net.thucydides.core.steps.StepInterceptor.runOrSkipMethod(StepInterceptor.java:179)
	at net.thucydides.core.steps.StepInterceptor.testStepResult(StepInterceptor.java:166)
	at net.thucydides.core.steps.StepInterceptor.intercept(StepInterceptor.java:72)
	at co.com.certification.proyectoprueba.taks.alojamiento.ReservarAlojamiento$$EnhancerByCGLIB$$10ec9ff2.performAs(&lt;generated&gt;)
	at net.serenitybdd.screenplay.Actor.performTask(Actor.java:232)
	at net.serenitybdd.screenplay.Actor.perform(Actor.java:213)
	at net.serenitybdd.screenplay.Actor.attemptsTo(Actor.java:170)
	at co.com.certification.proyectoprueba.stepdefinitions.AlojamientoStepDefinition.elUsuarioIngresaElDestinoFechaYPersonasAViajar(AlojamientoStepDefinition.java:17)
	at ✽.el usuario ingresa el destino, fecha y personas a viajar(src/test/resources/features/alojamiento.feature:12)
</failure>
  </testcase>
  <system-out><![CDATA[]]></system-out>
  <system-err><![CDATA[ago. 18, 2022 8:28:34 P. M. org.openqa.selenium.remote.DesiredCapabilities chrome
INFO: Using `new ChromeOptions()` is preferred to `DesiredCapabilities.chrome()`
Starting ChromeDriver 104.0.5112.29 (eff877e18f767c77fef0481a1cba402c8cbad404-refs/branch-heads/5112@{#422}) on port 36189
Only local connections are allowed.
Please see https://chromedriver.chromium.org/security-considerations for suggestions on keeping ChromeDriver safe.
ChromeDriver was started successfully.
ago. 18, 2022 8:28:36 P. M. org.openqa.selenium.remote.ProtocolHandshake createSession
INFO: Detected dialect: W3C
ago. 18, 2022 8:28:55 P. M. org.openqa.selenium.remote.DesiredCapabilities chrome
INFO: Using `new ChromeOptions()` is preferred to `DesiredCapabilities.chrome()`
Starting ChromeDriver 104.0.5112.29 (eff877e18f767c77fef0481a1cba402c8cbad404-refs/branch-heads/5112@{#422}) on port 51617
Only local connections are allowed.
Please see https://chromedriver.chromium.org/security-considerations for suggestions on keeping ChromeDriver safe.
ChromeDriver was started successfully.
ago. 18, 2022 8:28:57 P. M. org.openqa.selenium.remote.ProtocolHandshake createSession
INFO: Detected dialect: W3C
]]></system-err>
</testsuite>
